[2025-01-17 18:25:33 INFO background-preinit] [org.hibernate.validator.internal.util.Version] HV000001: Hibernate Validator 8.0.2.Final
[2025-01-17 18:25:33 INFO restartedMain] [com.green.jobdone.JobDoneApplication] Starting JobDoneApplication using Java 17.0.12 with PID 12048 (D:\sby\2ndProject\build\classes\java\main started by Administrator in D:\sby\2ndProject)
[2025-01-17 18:25:33 INFO restartedMain] [com.green.jobdone.JobDoneApplication] No active profile set, falling back to 1 default profile: "default"
[2025-01-17 18:25:34 INFO restartedMain] [org.springframework.boot.devtools.env.DevToolsPropertyDefaultsPostProcessor] Devtools property defaults active! Set 'spring.devtools.add-properties' to 'false' to disable
[2025-01-17 18:25:34 INFO restartedMain] [org.springframework.boot.devtools.env.DevToolsPropertyDefaultsPostProcessor] For additional web related logging consider setting the 'logging.level.web' property to 'DEBUG'
[2025-01-17 18:25:34 WARN restartedMain] [org.mybatis.spring.mapper.ClassPathMapperScanner] No MyBatis mapper was found in '[com.green.jobdone]' package. Please check your configuration.
[2025-01-17 18:25:34 INFO restartedMain] [org.springframework.boot.web.embedded.tomcat.TomcatWebServer] Tomcat initialized with port 8080 (http)
[2025-01-17 18:25:34 INFO restartedMain] [org.apache.coyote.http11.Http11NioProtocol] Initializing ProtocolHandler ["http-nio-8080"]
[2025-01-17 18:25:34 INFO restartedMain] [org.apache.catalina.core.StandardService] Starting service [Tomcat]
[2025-01-17 18:25:34 INFO restartedMain] [org.apache.catalina.core.StandardEngine] Starting Servlet engine: [Apache Tomcat/10.1.34]
[2025-01-17 18:25:34 INFO restartedMain] [org.apache.catalina.core.ContainerBase.[Tomcat].[localhost].[/]] Initializing Spring embedded WebApplicationContext
[2025-01-17 18:25:34 INFO restartedMain] [org.springframework.boot.web.servlet.context.ServletWebServerApplicationContext] Root WebApplicationContext: initialization completed in 885 ms
[2025-01-17 18:25:35 WARN restartedMain] [org.springframework.boot.web.servlet.context.AnnotationConfigServletWebServerApplicationContext] Exception encountered during context initialization - cancelling refresh attempt: org.springframework.beans.factory.BeanCreationException: Error creating bean with name 'dataSource' defined in class path resource [org/springframework/boot/autoconfigure/jdbc/DataSourceConfiguration$Hikari.class]: Failed to instantiate [com.zaxxer.hikari.HikariDataSource]: Factory method 'dataSource' threw exception with message: Failed to determine a suitable driver class
[2025-01-17 18:25:35 INFO restartedMain] [org.apache.catalina.core.StandardService] Stopping service [Tomcat]
[2025-01-17 18:25:35 INFO restartedMain] [org.springframework.boot.autoconfigure.logging.ConditionEvaluationReportLogger] 

Error starting ApplicationContext. To display the condition evaluation report re-run your application with 'debug' enabled.
[2025-01-17 18:25:35 ERRORrestartedMain] [org.springframework.boot.diagnostics.LoggingFailureAnalysisReporter] 

***************************
APPLICATION FAILED TO START
***************************

Description:

Failed to configure a DataSource: 'url' attribute is not specified and no embedded datasource could be configured.

Reason: Failed to determine a suitable driver class


Action:

Consider the following:
	If you want an embedded database (H2, HSQL or Derby), please put it on the classpath.
	If you have database settings to be loaded from a particular profile you may need to activate it (no profiles are currently active).

